Build started 22/06/2017 5:43:05 AM.
     1>Project "C:\Users\Liam\Desktop\Game files\graphics day 1\graphics day 1.vcxproj" on node 2 (Build target(s)).
     1>ClCompile:
         C:\Program Files (x86)\Microsoft Visual Studio 12.0\VC\bin\CL.exe /c /I"C:\Users\Liam\Desktop\Game files\graphics day 1\\Dependencies" /Zi /nologo /W3 /WX- /sdl /O2 /Oi /Oy- /GL /D _MBCS /Gm- /EHsc /MD /GS /Gy /fp:precise /Zc:wchar_t /Zc:forScope /Fo"Release\\" /Fd"Release\vc120.pdb" /Gd /TP /analyze- /errorReport:prompt Scene.cpp
         Scene.cpp
     1>c:\users\liam\desktop\game files\graphics day 1\Scene.h(134): warning C4305: 'initializing' : truncation from 'double' to 'float'
     1>Scene.cpp(24): warning C4244: 'argument' : conversion from 'time_t' to 'unsigned int', possible loss of data
     1>Scene.cpp(38): warning C4101: 'channel' : unreferenced local variable
     1>Scene.cpp(68): warning C4305: 'argument' : truncation from 'double' to 'float'
     1>Scene.cpp(86): warning C4244: 'initializing' : conversion from 'int' to 'GLfloat', possible loss of data
     1>Scene.cpp(90): warning C4244: '=' : conversion from 'int' to 'float', possible loss of data
       Link:
         C:\Program Files (x86)\Microsoft Visual Studio 12.0\VC\bin\link.exe /ERRORREPORT:PROMPT /OUT:"C:\Users\Liam\Desktop\Game files\Release\graphics day 1.exe" /NOLOGO opengl32.lib freeglut.lib glew32.lib SOIL.lib fmod_vc.lib assimp.lib freetype.lib /MANIFEST /MANIFESTUAC:"level='asInvoker' uiAccess='false'" /manifest:embed /DEBUG /PDB:"C:\Users\Liam\Desktop\Game files\Release\graphics day 1.pdb" /OPT:REF /OPT:ICF /LTCG /TLBID:1 /DYNAMICBASE /NXCOMPAT /IMPLIB:"C:\Users\Liam\Desktop\Game files\Release\graphics day 1.lib" /MACHINE:X86 /SAFESEH Release\camera.obj
         Release\main.obj
         Release\Text.obj
         Release\object.obj
         Release\Scene.obj
         Release\ShaderLoader.obj
         Release\Square.obj
         Generating code
         Finished generating code
     1>SOIL.lib(SOIL.obj) : warning LNK4099: PDB 'vc120.pdb' was not found with 'SOIL.lib(SOIL.obj)' or at 'C:\Users\Liam\Desktop\Game files\Release\vc120.pdb'; linking object as if no debug info
     1>SOIL.lib(stb_image_aug.obj) : warning LNK4099: PDB 'vc120.pdb' was not found with 'SOIL.lib(stb_image_aug.obj)' or at 'C:\Users\Liam\Desktop\Game files\Release\vc120.pdb'; linking object as if no debug info
     1>SOIL.lib(image_helper.obj) : warning LNK4099: PDB 'vc120.pdb' was not found with 'SOIL.lib(image_helper.obj)' or at 'C:\Users\Liam\Desktop\Game files\Release\vc120.pdb'; linking object as if no debug info
     1>SOIL.lib(image_DXT.obj) : warning LNK4099: PDB 'vc120.pdb' was not found with 'SOIL.lib(image_DXT.obj)' or at 'C:\Users\Liam\Desktop\Game files\Release\vc120.pdb'; linking object as if no debug info
         graphics day 1.vcxproj -> C:\Users\Liam\Desktop\Game files\Release\graphics day 1.exe
     1>Done Building Project "C:\Users\Liam\Desktop\Game files\graphics day 1\graphics day 1.vcxproj" (Build target(s)).

Build succeeded.

Time Elapsed 00:00:01.39
