g:\#opengl\3d_game\graphics day 1\release\vc120.pdb
g:\#opengl\3d_game\graphics day 1\release\utils.obj
g:\#opengl\3d_game\graphics day 1\release\main.obj
g:\#opengl\3d_game\graphics day 1\release\camera.obj
g:\#opengl\3d_game\graphics day 1\release\text.obj
g:\#opengl\3d_game\graphics day 1\release\shaderloader.obj
g:\#opengl\3d_game\graphics day 1\release\scene.obj
e:\#opengl\3d_game\graphics day 1\release\vc120.pdb
e:\#opengl\3d_game\graphics day 1\release\utils.obj
e:\#opengl\3d_game\graphics day 1\release\main.obj
e:\#opengl\3d_game\graphics day 1\release\camera.obj
e:\#opengl\3d_game\graphics day 1\release\text.obj
e:\#opengl\3d_game\graphics day 1\release\shaderloader.obj
e:\#opengl\3d_game\graphics day 1\release\scene.obj
g:\#opengl\3d_game\release\graphics day 1.exe
g:\#opengl\3d_game\release\graphics day 1.pdb
e:\#opengl\3d_game\release\graphics day 1.exe
e:\#opengl\3d_game\release\graphics day 1.pdb
e:\#opengl\3d_game\graphics day 1\release\model.obj
e:\#opengl\3d_game\graphics day 1\release\square.obj
e:\#opengl\3d_game\graphics day 1\release\object.obj
e:\#opengl\3d_game\graphics day 1\release\vc140.pdb
e:\#opengl\3d_game\graphics day 1\release\graphics day 1.tlog\cl.command.1.tlog
e:\#opengl\3d_game\graphics day 1\release\graphics day 1.tlog\link.command.1.tlog
e:\#opengl\3d_game\graphics day 1\release\graphics day 1.tlog\cl.read.1.tlog
e:\#opengl\3d_game\graphics day 1\release\graphics day 1.tlog\link.read.1.tlog
e:\#opengl\3d_game\graphics day 1\release\graphics day 1.tlog\cl.write.1.tlog
e:\#opengl\3d_game\graphics day 1\release\graphics day 1.tlog\link.write.1.tlog
